<?xml version="1.0" encoding="UTF-8"?>
<testsuites name="BookAppointment" time="75.98" tests="2" failures="0" errors="0">
   <testsuite name="BookAppointment" tests="2" failures="0" errors="0" time="75.98" skipped="0" timestamp="2023-09-25 13:10:26" hostname="NabilZiani - MP1Y1NWG.home" id="Test Suites/BookAppointment">
      <properties>
         <property name="deviceName"/>
         <property name="devicePlatform" value="WINDOWS"/>
         <property name="logFolder" value="C:\\Users\\NabilZiani\\git\\katalon-certification\\Reports\\20230925_131020\\BookAppointment\\20230925_131021"/>
         <property name="logFiles" value="C:\\Users\\NabilZiani\\git\\katalon-certification\\Reports\\20230925_131020\\BookAppointment\\20230925_131021\\execution0.log"/>
         <property name="attachments" value=""/>
         <property name="hostName" value="NabilZiani - MP1Y1NWG.home"/>
         <property name="remoteDriverUrl" value="testcloud.katalon.com/hub"/>
         <property name="desiredCapabilities" value="{
  &quot;timeouts&quot;: {
    &quot;implicit&quot;: 0,
    &quot;pageLoad&quot;: 300000,
    &quot;script&quot;: 30000
  },
  &quot;platform&quot;: &quot;WINDOWS&quot;,
  &quot;goog:chromeOptions&quot;: {
    &quot;debuggerAddress&quot;: &quot;&quot;
  },
  &quot;requestId&quot;: &quot;08f78fca-44e0-4da4-a54c-c1ffb67794a2&quot;,
  &quot;webauthn:extension:credBlob&quot;: true,
  &quot;acceptInsecureCerts&quot;: true,
  &quot;browserVersion&quot;: &quot;116.0.0.0&quot;,
  &quot;browserName&quot;: &quot;chrome&quot;,
  &quot;javascriptEnabled&quot;: true,
  &quot;katalon:option&quot;: {
    &quot;unlimitedExecutionMinutes&quot;: true,
    &quot;apiKey&quot;: &quot;f7272fd3-b9bc-4185-8908-912c768881b9&quot;,
    &quot;tunnelMetadataId&quot;: &quot;190aeb2e-c4cc-43c4-aae4-b3900e5f0033&quot;,
    &quot;userId&quot;: 764626,
    &quot;organizationId&quot;: &quot;1202953&quot;,
    &quot;class&quot;: &quot;com.katalon.testcloud.grid.common.tunnel.domain.UserOptionCapability&quot;,
    &quot;runFromTestCloud&quot;: true,
    &quot;tenant&quot;: &quot;KatalonStudio&quot;,
    &quot;usingTunnel&quot;: true,
    &quot;group&quot;: &quot;9ea4ca53-28cc-442c-bd84-d010a78021cb&quot;
  },
  &quot;platformName&quot;: &quot;WINDOWS&quot;,
  &quot;setWindowRect&quot;: true,
  &quot;webauthn:extension:largeBlob&quot;: true,
  &quot;networkConnectionEnabled&quot;: false,
  &quot;chrome&quot;: {
    &quot;chromedriverVersion&quot;: &quot;116.0&quot;,
    &quot;userDataDir&quot;: &quot;\&quot;C:\\\\Windows\\\\proxy\\\\scoped_dir13044_321754463&quot;
  },
  &quot;pageLoadStrategy&quot;: &quot;normal&quot;,
  &quot;unhandledPromptBehavior&quot;: &quot;dismiss and notify&quot;,
  &quot;strictFileInteractability&quot;: false,
  &quot;***:loadExtension&quot;: [
    &quot;https://prod-magicleap-user-files-us-east-1-v1.s3.amazonaws.com/extensions/orgId-691279/SmartWait.zip&quot;
  ],
  &quot;version&quot;: &quot;116&quot;,
  &quot;se:cdp&quot;: &quot;ws://172.48.115.22:4444/session/DCOPF-N5B0N-M3BTR-IIRKJ/se/cdp&quot;,
  &quot;se:bidiEnabled&quot;: false,
  &quot;proxy&quot;: {
    &quot;proxyType&quot;: &quot;UNSPECIFIED&quot;,
    &quot;autodetect&quot;: false
  },
  &quot;webdriver.remote.sessionid&quot;: &quot;DCOPF-N5B0N-M3BTR-IIRKJ&quot;,
  &quot;webauthn:virtualAuthenticators&quot;: true
}"/>
         <property name="os" value="Windows 11 64bit"/>
         <property name="remoteOS" value="Windows"/>
         <property name="katalonVersion" value="8.6.8.208"/>
         <property name="browser" value="Chrome 116.0.0.0"/>
         <property name="hostAddress" value="192.168.1.24"/>
         <property name="sessionId" value="DCOPF-N5B0N-M3BTR-IIRKJ"/>
         <property name="seleniumVersion" value="3.141.59"/>
         <property name="proxyInformation" value="ProxyInformation { proxyOption=NO_PROXY, proxyServerType=HTTP, username=, password=********, proxyServerAddress=, proxyServerPort=0, executionList=&quot;&quot;, isApplyToDesiredCapabilities=true }"/>
         <property name="platform" value="Windows 11"/>
      </properties>
      <testcase name="Test Cases/Login" time="58.762" classname="Test Cases/Login" status="PASSED">
         <system-out><![CDATA[2023-09-25 13:10:27 - [TEST_CASE][PASSED] - Test Cases/Login: Test Cases/Login

2023-09-25 13:10:27 - [TEST_STEP][PASSED] - openBrowser(""): Browser is opened with url: ''

2023-09-25 13:10:27 - [MESSAGE][INFO] - User set preference: ['os', 'windows']

2023-09-25 13:10:27 - [MESSAGE][INFO] - User set preference: ['browserName', 'chrome']

2023-09-25 13:10:27 - [MESSAGE][INFO] - User set preference: ['browserVersion', '116']

2023-09-25 13:10:27 - [MESSAGE][INFO] - User set preference: ['katalon:option', '{organizationId=1202953, tunnelId=190aeb2e-c4cc-43c4-aae4-b3900e5f0033, usingTunnel=true}']

2023-09-25 13:10:27 - [MESSAGE][INFO] - Connecting to remote web server 'testcloud.katalon.com/hub' with type 'Selenium'

2023-09-25 13:10:28 - [MESSAGE][INFO] - Action delay is set to 0 milliseconds

2023-09-25 13:11:15 - [MESSAGE][PASSED] - Browser is opened with url: ''

2023-09-25 13:11:15 - [TEST_STEP][PASSED] - navigateToUrl("https://katalon-demo-cura.herokuapp.com/"): Navigate to 'https://katalon-demo-cura.herokuapp.com/' successfully

2023-09-25 13:11:17 - [MESSAGE][PASSED] - Navigate to 'https://katalon-demo-cura.herokuapp.com/' successfully

2023-09-25 13:11:17 - [TEST_STEP][PASSED] - click(findTestObject("Object Repository/Page_CURA Healthcare Service/a_Make Appointment")): Object: 'Object Repository/Page_CURA Healthcare Service/a_Make Appointment' is clicked on

2023-09-25 13:11:19 - [MESSAGE][PASSED] - Object: 'Object Repository/Page_CURA Healthcare Service/a_Make Appointment' is clicked on

2023-09-25 13:11:19 - [TEST_STEP][PASSED] - setText(findTestObject("Object Repository/Page_CURA Healthcare Service/input_Username_username"), "John Doe"): Text 'John Doe' is set on object 'Object Repository/Page_CURA Healthcare Service/input_Username_username'

2023-09-25 13:11:22 - [MESSAGE][PASSED] - Text 'John Doe' is set on object 'Object Repository/Page_CURA Healthcare Service/input_Username_username'

2023-09-25 13:11:22 - [TEST_STEP][PASSED] - setEncryptedText(findTestObject("Object Repository/Page_CURA Healthcare Service/input_Password_password"), "g3/DOGG74jC3Flrr3yH+3D/yKbOqqUNM"): Text ****** has been set on object 'Object Repository/Page_CURA Healthcare Service/input_Password_password'

2023-09-25 13:11:23 - [MESSAGE][PASSED] - Text ****** has been set on object 'Object Repository/Page_CURA Healthcare Service/input_Password_password'

2023-09-25 13:11:23 - [TEST_STEP][PASSED] - click(findTestObject("Object Repository/Page_CURA Healthcare Service/button_Login")): Object: 'Object Repository/Page_CURA Healthcare Service/button_Login' is clicked on

2023-09-25 13:11:26 - [MESSAGE][PASSED] - Object: 'Object Repository/Page_CURA Healthcare Service/button_Login' is clicked on]]></system-out>
         <system-err><![CDATA[]]></system-err>
      </testcase>
      <testcase name="Test Cases/BookAnAppointment" time="16.968" classname="Test Cases/BookAnAppointment" status="PASSED">
         <system-out><![CDATA[2023-09-25 13:11:26 - [TEST_CASE][PASSED] - Test Cases/BookAnAppointment: Test Cases/BookAnAppointment

2023-09-25 13:11:26 - [TEST_STEP][PASSED] - selectOptionByValue(findTestObject("Object Repository/Page_CURA Healthcare Service/select_Tokyo CURA Healthcare Center        _5b4107"), "Hongkong CURA Healthcare Center", true): All options with value 'Hongkong CURA Healthcare Center' are selected in object 'Object Repository/Page_CURA Healthcare Service/select_Tokyo CURA Healthcare Center        _5b4107'  using regular expression

2023-09-25 13:11:32 - [MESSAGE][PASSED] - All options with value 'Hongkong CURA Healthcare Center' are selected in object 'Object Repository/Page_CURA Healthcare Service/select_Tokyo CURA Healthcare Center        _5b4107'  using regular expression

2023-09-25 13:11:32 - [TEST_STEP][PASSED] - click(findTestObject("Object Repository/Page_CURA Healthcare Service/input_Apply for hospital readmission_hospit_63901f")): Object: 'Object Repository/Page_CURA Healthcare Service/input_Apply for hospital readmission_hospit_63901f' is clicked on

2023-09-25 13:11:34 - [MESSAGE][PASSED] - Object: 'Object Repository/Page_CURA Healthcare Service/input_Apply for hospital readmission_hospit_63901f' is clicked on

2023-09-25 13:11:34 - [TEST_STEP][PASSED] - click(findTestObject("Object Repository/Page_CURA Healthcare Service/input_Medicaid_programs")): Object: 'Object Repository/Page_CURA Healthcare Service/input_Medicaid_programs' is clicked on

2023-09-25 13:11:35 - [MESSAGE][PASSED] - Object: 'Object Repository/Page_CURA Healthcare Service/input_Medicaid_programs' is clicked on

2023-09-25 13:11:35 - [TEST_STEP][PASSED] - click(findTestObject("Object Repository/Page_CURA Healthcare Service/input_Visit Date (Required)_visit_date")): Object: 'Object Repository/Page_CURA Healthcare Service/input_Visit Date (Required)_visit_date' is clicked on

2023-09-25 13:11:37 - [MESSAGE][PASSED] - Object: 'Object Repository/Page_CURA Healthcare Service/input_Visit Date (Required)_visit_date' is clicked on

2023-09-25 13:11:37 - [TEST_STEP][PASSED] - click(findTestObject("Object Repository/Page_CURA Healthcare Service/td_19")): Object: 'Object Repository/Page_CURA Healthcare Service/td_19' is clicked on

2023-09-25 13:11:38 - [MESSAGE][PASSED] - Object: 'Object Repository/Page_CURA Healthcare Service/td_19' is clicked on

2023-09-25 13:11:38 - [TEST_STEP][PASSED] - setText(findTestObject("Object Repository/Page_CURA Healthcare Service/textarea_Comment_comment"), "This is an automated test."): Text 'This is an automated test.' is set on object 'Object Repository/Page_CURA Healthcare Service/textarea_Comment_comment'

2023-09-25 13:11:41 - [MESSAGE][PASSED] - Text 'This is an automated test.' is set on object 'Object Repository/Page_CURA Healthcare Service/textarea_Comment_comment'

2023-09-25 13:11:41 - [TEST_STEP][PASSED] - click(findTestObject("Object Repository/Page_CURA Healthcare Service/button_Book Appointment")): Object: 'Object Repository/Page_CURA Healthcare Service/button_Book Appointment' is clicked on

2023-09-25 13:11:42 - [MESSAGE][PASSED] - Object: 'Object Repository/Page_CURA Healthcare Service/button_Book Appointment' is clicked on

2023-09-25 13:11:42 - [TEST_STEP][PASSED] - example.MyKeywords.Congrats("Nabil"): example.MyKeywords.Congrats is PASSED

2023-09-25 13:11:42 - [MESSAGE][PASSED] - example.MyKeywords.Congrats is PASSED]]></system-out>
         <system-err><![CDATA[]]></system-err>
      </testcase>
      <system-out><![CDATA[2023-09-25 13:10:26 - [TEST_SUITE][PASSED] - BookAppointment: Test Cases/BookAnAppointment]]></system-out>
      <system-err><![CDATA[]]></system-err>
   </testsuite>
</testsuites>
