<?xml version="1.0" encoding="UTF-8"?>
<testsuites name="BookAppointment" time="12.284" tests="2" failures="0" errors="0">
   <testsuite name="BookAppointment" tests="2" failures="0" errors="0" time="12.284" skipped="0" timestamp="2023-09-25 11:33:48" hostname="NabilZiani - MP1Y1NWG.home" id="Test Suites/BookAppointment">
      <properties>
         <property name="deviceName" value=""/>
         <property name="devicePlatform" value=""/>
         <property name="logFolder" value="C:\\Users\\NabilZiani\\git\\katalon-certification\\Reports\\20230925_113344\\BookAppointment\\20230925_113345"/>
         <property name="logFiles" value="C:\\Users\\NabilZiani\\git\\katalon-certification\\Reports\\20230925_113344\\BookAppointment\\20230925_113345\\execution0.log"/>
         <property name="attachments" value=""/>
         <property name="hostName" value="NabilZiani - MP1Y1NWG.home"/>
         <property name="os" value="Windows 11 64bit"/>
         <property name="katalonVersion" value="8.6.8.208"/>
         <property name="browser" value="Chrome 117.0.0.0"/>
         <property name="hostAddress" value="192.168.1.24"/>
         <property name="sessionId" value="7922b9ba0be8cf78162cfb0c3217322d"/>
         <property name="seleniumVersion" value="3.141.59"/>
         <property name="proxyInformation" value="ProxyInformation { proxyOption=NO_PROXY, proxyServerType=HTTP, username=, password=********, proxyServerAddress=, proxyServerPort=0, executionList=&quot;&quot;, isApplyToDesiredCapabilities=true }"/>
         <property name="platform" value="Windows 11"/>
      </properties>
      <testcase name="Test Cases/Login" time="7.161" classname="Test Cases/Login" status="PASSED">
         <system-out><![CDATA[2023-09-25 11:33:48 - [TEST_CASE][PASSED] - Test Cases/Login: Test Cases/Login

2023-09-25 11:33:49 - [TEST_STEP][PASSED] - openBrowser(""): Browser is opened with url: ''

2023-09-25 11:33:49 - [MESSAGE][INFO] - Starting 'Chrome' driver

2023-09-25 11:33:49 - [MESSAGE][INFO] - Action delay is set to 0 milliseconds

2023-09-25 11:33:51 - [MESSAGE][PASSED] - Browser is opened with url: ''

2023-09-25 11:33:51 - [TEST_STEP][PASSED] - navigateToUrl("https://katalon-demo-cura.herokuapp.com/"): Navigate to 'https://katalon-demo-cura.herokuapp.com/' successfully

2023-09-25 11:33:53 - [MESSAGE][PASSED] - Navigate to 'https://katalon-demo-cura.herokuapp.com/' successfully

2023-09-25 11:33:53 - [TEST_STEP][PASSED] - click(findTestObject("Object Repository/Page_CURA Healthcare Service/a_Make Appointment")): Object: 'Object Repository/Page_CURA Healthcare Service/a_Make Appointment' is clicked on

2023-09-25 11:33:53 - [MESSAGE][PASSED] - Object: 'Object Repository/Page_CURA Healthcare Service/a_Make Appointment' is clicked on

2023-09-25 11:33:53 - [TEST_STEP][PASSED] - setText(findTestObject("Object Repository/Page_CURA Healthcare Service/input_Username_username"), "John Doe"): Text 'John Doe' is set on object 'Object Repository/Page_CURA Healthcare Service/input_Username_username'

2023-09-25 11:33:54 - [MESSAGE][PASSED] - Text 'John Doe' is set on object 'Object Repository/Page_CURA Healthcare Service/input_Username_username'

2023-09-25 11:33:54 - [TEST_STEP][PASSED] - setEncryptedText(findTestObject("Object Repository/Page_CURA Healthcare Service/input_Password_password"), "g3/DOGG74jC3Flrr3yH+3D/yKbOqqUNM"): Text ****** has been set on object 'Object Repository/Page_CURA Healthcare Service/input_Password_password'

2023-09-25 11:33:55 - [MESSAGE][PASSED] - Text ****** has been set on object 'Object Repository/Page_CURA Healthcare Service/input_Password_password'

2023-09-25 11:33:55 - [TEST_STEP][PASSED] - click(findTestObject("Object Repository/Page_CURA Healthcare Service/button_Login")): Object: 'Object Repository/Page_CURA Healthcare Service/button_Login' is clicked on

2023-09-25 11:33:56 - [MESSAGE][PASSED] - Object: 'Object Repository/Page_CURA Healthcare Service/button_Login' is clicked on]]></system-out>
         <system-err><![CDATA[]]></system-err>
      </testcase>
      <testcase name="Test Cases/BookAnAppointment" time="4.889" classname="Test Cases/BookAnAppointment" status="PASSED">
         <system-out><![CDATA[2023-09-25 11:33:56 - [TEST_CASE][PASSED] - Test Cases/BookAnAppointment: Test Cases/BookAnAppointment

2023-09-25 11:33:56 - [TEST_STEP][PASSED] - selectOptionByValue(findTestObject("Object Repository/Page_CURA Healthcare Service/select_Tokyo CURA Healthcare Center        _5b4107"), "Hongkong CURA Healthcare Center", true): All options with value 'Hongkong CURA Healthcare Center' are selected in object 'Object Repository/Page_CURA Healthcare Service/select_Tokyo CURA Healthcare Center        _5b4107'  using regular expression

2023-09-25 11:33:57 - [MESSAGE][PASSED] - All options with value 'Hongkong CURA Healthcare Center' are selected in object 'Object Repository/Page_CURA Healthcare Service/select_Tokyo CURA Healthcare Center        _5b4107'  using regular expression

2023-09-25 11:33:57 - [TEST_STEP][PASSED] - click(findTestObject("Object Repository/Page_CURA Healthcare Service/input_Apply for hospital readmission_hospit_63901f")): Object: 'Object Repository/Page_CURA Healthcare Service/input_Apply for hospital readmission_hospit_63901f' is clicked on

2023-09-25 11:33:58 - [MESSAGE][PASSED] - Object: 'Object Repository/Page_CURA Healthcare Service/input_Apply for hospital readmission_hospit_63901f' is clicked on

2023-09-25 11:33:58 - [TEST_STEP][PASSED] - click(findTestObject("Object Repository/Page_CURA Healthcare Service/input_Medicaid_programs")): Object: 'Object Repository/Page_CURA Healthcare Service/input_Medicaid_programs' is clicked on

2023-09-25 11:33:58 - [MESSAGE][PASSED] - Object: 'Object Repository/Page_CURA Healthcare Service/input_Medicaid_programs' is clicked on

2023-09-25 11:33:58 - [TEST_STEP][PASSED] - click(findTestObject("Object Repository/Page_CURA Healthcare Service/input_Visit Date (Required)_visit_date")): Object: 'Object Repository/Page_CURA Healthcare Service/input_Visit Date (Required)_visit_date' is clicked on

2023-09-25 11:33:58 - [MESSAGE][PASSED] - Object: 'Object Repository/Page_CURA Healthcare Service/input_Visit Date (Required)_visit_date' is clicked on

2023-09-25 11:33:58 - [TEST_STEP][PASSED] - click(findTestObject("Object Repository/Page_CURA Healthcare Service/td_19")): Object: 'Object Repository/Page_CURA Healthcare Service/td_19' is clicked on

2023-09-25 11:33:59 - [MESSAGE][PASSED] - Object: 'Object Repository/Page_CURA Healthcare Service/td_19' is clicked on

2023-09-25 11:33:59 - [TEST_STEP][PASSED] - setText(findTestObject("Object Repository/Page_CURA Healthcare Service/textarea_Comment_comment"), "This is an automated test."): Text 'This is an automated test.' is set on object 'Object Repository/Page_CURA Healthcare Service/textarea_Comment_comment'

2023-09-25 11:34:00 - [MESSAGE][PASSED] - Text 'This is an automated test.' is set on object 'Object Repository/Page_CURA Healthcare Service/textarea_Comment_comment'

2023-09-25 11:34:00 - [TEST_STEP][PASSED] - click(findTestObject("Object Repository/Page_CURA Healthcare Service/button_Book Appointment")): Object: 'Object Repository/Page_CURA Healthcare Service/button_Book Appointment' is clicked on

2023-09-25 11:34:01 - [MESSAGE][PASSED] - Object: 'Object Repository/Page_CURA Healthcare Service/button_Book Appointment' is clicked on

2023-09-25 11:34:01 - [TEST_STEP][PASSED] - example.MyKeywords.Congrats("Nabil"): example.MyKeywords.Congrats is PASSED

2023-09-25 11:34:01 - [MESSAGE][PASSED] - example.MyKeywords.Congrats is PASSED]]></system-out>
         <system-err><![CDATA[]]></system-err>
      </testcase>
      <system-out><![CDATA[2023-09-25 11:33:48 - [TEST_SUITE][PASSED] - BookAppointment: Test Cases/BookAnAppointment]]></system-out>
      <system-err><![CDATA[]]></system-err>
   </testsuite>
</testsuites>
